<?xml version="1.0" encoding="UTF-8"?>
<!-- Generated by org.testng.reporters.JUnitReportReporter -->
<testsuite hostname="THSGP-Biswa" failures="0" tests="1" name="com.POM.ngtest" time="18.632" errors="0" timestamp="2021-01-26T21:53:32 SGT" skipped="0">
  <testcase classname="com.POM.ngtest" name="loginz" time="18.632"/>
  <system-out/>
</testsuite> <!-- com.POM.ngtest -->
