<?xml version="1.0" encoding="UTF-8"?>
<!-- Generated by org.testng.reporters.JUnitReportReporter -->
<testsuite hostname="THSGP-Biswa" failures="0" tests="1" name="com.POM.ngtesttwo" time="17.722" errors="0" timestamp="2021-01-26T21:53:32 SGT" skipped="0">
  <testcase classname="com.POM.ngtesttwo" name="loginz" time="17.722"/>
  <system-out/>
</testsuite> <!-- com.POM.ngtesttwo -->
