<?xml version="1.0" encoding="UTF-8"?>
<!-- Generated by org.testng.reporters.JUnitReportReporter -->
<testsuite hostname="THSGP-Biswa" failures="0" tests="2" name="com.POM.AnnotationEx" time="6.534" errors="0" timestamp="2021-01-26T23:49:48 SGT" skipped="0">
  <testcase classname="com.POM.AnnotationEx" name="searchmob" time="3.217"/>
  <system-out/>
  <testcase classname="com.POM.AnnotationEx" name="searchmobile" time="3.317"/>
  <system-out/>
</testsuite> <!-- com.POM.AnnotationEx -->
